<?xml version="1.0" encoding="UTF-8"?>
<testsuite xmlns:xsi="http://www.w3.org/2001/XMLSchema-instance" xsi:noNamespaceSchemaLocation="https://maven.apache.org/surefire/maven-surefire-plugin/xsd/surefire-test-report-3.0.xsd" version="3.0" name="com.testing.SimpleAPITest" time="5.124" tests="8" errors="0" skipped="0" failures="0">
  <properties>
[...]
</properties>
  <testcase name="testGetPosts" classname="com.testing.SimpleAPITest" time="0.623">
    <system-out><![CDATA[🚀 Iniciando tests de JSONPlaceholder API
📋 AutoEvidenceGenerator activado
✅ API 100% gratuita - Sin autenticación
✅ GET Posts - EXITOSO
]]></system-out>
  </testcase>
  <testcase name="testCreatePost" classname="com.testing.SimpleAPITest" time="0.464">
    <system-out><![CDATA[✅ POST Post - EXITOSO
]]></system-out>
  </testcase>
  <testcase name="testGetUsers" classname="com.testing.SimpleAPITest" time="0.725">
    <system-out><![CDATA[✅ GET Users - EXITOSO
]]></system-out>
  </testcase>
  <testcase name="testGetSinglePost" classname="com.testing.SimpleAPITest" time="0.708">
    <system-out><![CDATA[✅ GET Post específico - EXITOSO
]]></system-out>
  </testcase>
  <testcase name="testUpdatePost" classname="com.testing.SimpleAPITest" time="0.944">
    <system-out><![CDATA[✅ PUT Post - EXITOSO
]]></system-out>
  </testcase>
  <testcase name="testPostNotFound" classname="com.testing.SimpleAPITest" time="0.416">
    <system-out><![CDATA[✅ Error 404 - EXITOSO
]]></system-out>
  </testcase>
  <testcase name="testNegative_404Error" classname="com.testing.SimpleAPITest" time="0.719">
    <system-out><![CDATA[⚠️ TEST NEGATIVO - Validando error 404
HTTP/1.1 404 Not Found
Date: Wed, 20 Aug 2025 23:36:29 GMT
Content-Type: application/json; charset=utf-8
Transfer-Encoding: chunked
Connection: keep-alive
Access-Control-Allow-Credentials: true
Cache-Control: max-age=43200
Etag: W/"2-vyGp6PvFo4RvsFtPoIWeCReyIC8"
Expires: -1
Nel: {"report_to":"heroku-nel","response_headers":["Via"],"max_age":3600,"success_fraction":0.01,"failure_fraction":0.1}
Pragma: no-cache
Report-To: {"group":"heroku-nel","endpoints":[{"url":"https://nel.heroku.com/reports?s=zA4JfJ9jkq5bcawSYUR84io%2B6Vcsmg7K85%2FXuvUXiqA%3D\u0026sid=e11707d5-02a7-43ef-b45e-2cf4d2036f7d\u0026ts=1755704243"}],"max_age":3600}
Reporting-Endpoints: heroku-nel="https://nel.heroku.com/reports?s=zA4JfJ9jkq5bcawSYUR84io%2B6Vcsmg7K85%2FXuvUXiqA%3D&sid=e11707d5-02a7-43ef-b45e-2cf4d2036f7d&ts=1755704243"
Server: cloudflare
Vary: Origin, Accept-Encoding
Via: 2.0 heroku-router
X-Content-Type-Options: nosniff
X-Powered-By: Express
X-Ratelimit-Limit: 1000
X-Ratelimit-Remaining: 996
X-Ratelimit-Reset: 1755704257
Age: 28745
Cf-Cache-Status: HIT
Content-Encoding: gzip
CF-RAY: 9725b68d3918b2a4-LHR
alt-svc: h3=":443"; ma=86400

{
    
}
✅ Test negativo exitoso - Error 404 validado correctamente
]]></system-out>
  </testcase>
  <testcase name="testNegative_EmptyResponse" classname="com.testing.SimpleAPITest" time="0.518">
    <system-out><![CDATA[⚠️ TEST NEGATIVO - Validando respuesta vacía
HTTP/1.1 404 Not Found
Date: Wed, 20 Aug 2025 23:36:29 GMT
Content-Type: application/json; charset=utf-8
Transfer-Encoding: chunked
Connection: keep-alive
Access-Control-Allow-Credentials: true
Cache-Control: max-age=43200
Etag: W/"2-vyGp6PvFo4RvsFtPoIWeCReyIC8"
Expires: -1
Nel: {"report_to":"heroku-nel","response_headers":["Via"],"max_age":3600,"success_fraction":0.01,"failure_fraction":0.1}
Pragma: no-cache
Report-To: {"group":"heroku-nel","endpoints":[{"url":"https://nel.heroku.com/reports?s=hEfQp1Oz946CTjiJuZN%2B34%2BHg9KRp9uT%2FJMm3mjhWJo%3D\u0026sid=e11707d5-02a7-43ef-b45e-2cf4d2036f7d\u0026ts=1755732730"}],"max_age":3600}
Reporting-Endpoints: heroku-nel="https://nel.heroku.com/reports?s=hEfQp1Oz946CTjiJuZN%2B34%2BHg9KRp9uT%2FJMm3mjhWJo%3D&sid=e11707d5-02a7-43ef-b45e-2cf4d2036f7d&ts=1755732730"
Server: cloudflare
Vary: Origin, Accept-Encoding
Via: 2.0 heroku-router
X-Content-Type-Options: nosniff
X-Powered-By: Express
X-Ratelimit-Limit: 1000
X-Ratelimit-Remaining: 997
X-Ratelimit-Reset: 1755732757
Age: 258
Cf-Cache-Status: HIT
Content-Encoding: gzip
CF-RAY: 9725b690b9d9c99b-IAD
alt-svc: h3=":443"; ma=86400

{
    
}
✅ Test negativo exitoso - Respuesta vacía validada correctamente
]]></system-out>
  </testcase>
</testsuite>