<?xml version="1.0" encoding="UTF-8"?>
<testsuite xmlns:xsi="http://www.w3.org/2001/XMLSchema-instance" xsi:noNamespaceSchemaLocation="https://maven.apache.org/surefire/maven-surefire-plugin/xsd/surefire-test-report-3.0.xsd" version="3.0" name="com.testing.GoRestSecurityTest" time="8.408" tests="5" errors="0" skipped="0" failures="0">
  <properties>
[...]
</properties>
  <testcase name="testValidAuth_CreateUser" classname="com.testing.GoRestSecurityTest" time="3.272">
    <system-out><![CDATA[🔐 Iniciando tests de Seguridad y Autenticación - GoRest API
🌐 URL Base: https://gorest.co.in
⚠️ NOTA: Asegúrate de tener un token válido configurado
🔑 TEST 1: Autenticación válida - Creando usuario
✅ Usuario creado exitosamente con ID: 8078220
✅ Token válido autenticado correctamente
]]></system-out>
  </testcase>
  <testcase name="testValidAuth_UpdateUser" classname="com.testing.GoRestSecurityTest" time="1.413">
    <system-out><![CDATA[🔑 TEST 2: Autenticación válida - Actualizando usuario
✅ Usuario actualizado exitosamente
✅ Token válido permite operaciones de escritura
]]></system-out>
  </testcase>
  <testcase name="testInvalidAuth_CreateUserWithBadToken" classname="com.testing.GoRestSecurityTest" time="1.262">
    <system-out><![CDATA[🚫 TEST 3: Autenticación inválida - Token incorrecto
HTTP/1.1 401 Unauthorized
Date: Wed, 20 Aug 2025 23:36:22 GMT
Content-Type: application/json; charset=utf-8
Content-Length: 27
Connection: keep-alive
Cache-Control: no-cache
Feature-Policy: camera 'none'; gyroscope 'none'; microphone 'none'; usb 'none'; fullscreen 'self'
Referrer-Policy: strict-origin-when-cross-origin
Vary: Origin
X-Content-Type-Options: nosniff
X-Download-Options: noopen
X-Frame-Options: SAMEORIGIN
X-Permitted-Cross-Domain-Policies: none
X-Request-Id: 630c1fc6-c4dd-476f-8367-b6baadf277e3
X-Runtime: 0.048276
X-Xss-Protection: 0
Cf-Cache-Status: DYNAMIC
Nel: {"report_to":"cf-nel","success_fraction":0.0,"max_age":604800}
Report-To: {"group":"cf-nel","max_age":604800,"endpoints":[{"url":"https://a.nel.cloudflare.com/report/v4?s=AkvId6Nw%2BCQVAMKhpvwIJRrXcyFG61WRoZgIKeZDRb8fBBJWuzuEmxtIDcWqpOVxavJtbvvzbAoa4YEl7ov3mm1YkwK4ig2ASSXt4Q%3D%3D"}]}
Server: cloudflare
CF-RAY: 9725b65fdca25781-LHR
alt-svc: h3=":443"; ma=86400

{
    "message": "Invalid token"
}
✅ Error 401 recibido correctamente
✅ Token inválido rechazado por la API
]]></system-out>
  </testcase>
  <testcase name="testInvalidAuth_DeleteUserWithoutToken" classname="com.testing.GoRestSecurityTest" time="0.781">
    <system-out><![CDATA[🚫 TEST 4: Autenticación inválida - Sin token
HTTP/1.1 404 Not Found
Date: Wed, 20 Aug 2025 23:36:23 GMT
Content-Type: application/json; charset=utf-8
Transfer-Encoding: chunked
Connection: keep-alive
Cache-Control: no-cache
Feature-Policy: camera 'none'; gyroscope 'none'; microphone 'none'; usb 'none'; fullscreen 'self'
Referrer-Policy: strict-origin-when-cross-origin
Vary: Origin
X-Content-Type-Options: nosniff
X-Download-Options: noopen
X-Frame-Options: SAMEORIGIN
X-Permitted-Cross-Domain-Policies: none
X-Request-Id: 8871c8ff-3d93-4809-bf95-0774a3c9831d
X-Runtime: 0.018769
X-Xss-Protection: 0
Cf-Cache-Status: DYNAMIC
Nel: {"report_to":"cf-nel","success_fraction":0.0,"max_age":604800}
Report-To: {"group":"cf-nel","max_age":604800,"endpoints":[{"url":"https://a.nel.cloudflare.com/report/v4?s=XOjXFoU%2FfEi9kN20TshX%2BlVr%2FbWhHwIjzCfuRDxiGV3pvmse7rvnpTWiyQVmOUEjD1o2jGKgrhHxqDTHeUXHMHqusnB41oZ%2B8eS2jA%3D%3D"}]}
Content-Encoding: gzip
Server: cloudflare
CF-RAY: 9725b666bd2fc953-IAD
alt-svc: h3=":443"; ma=86400

{
    "message": "Resource not found"
}
✅ Error 404 recibido correctamente
✅ Operación sin token rechazada apropiadamente
]]></system-out>
  </testcase>
  <testcase name="testPublicAccess_GetUsersWithoutAuth" classname="com.testing.GoRestSecurityTest" time="1.339">
    <system-out><![CDATA[🌐 TEST ADICIONAL: Verificando acceso público
✅ Acceso público a lectura funcionando correctamente
✅ API permite GET sin autenticación
]]></system-out>
  </testcase>
</testsuite>